<?xml version="1.0" encoding="UTF-8"?>
<!-- Generated by org.testng.reporters.JUnitXMLReporter -->
<testsuite ignored="0" hostname="MaheshPC" failures="0" tests="4" name="Default test" time="25.161" errors="0" timestamp="2023-02-17T18:51:27 IST">
  <testcase classname="testngPkg.ReadDataFromeExcel" name="loginTest" time="14.837"/>
  <testcase classname="testngPkg.ReadDataFromeExcel" name="loginTest" time="2.228"/>
  <testcase classname="testngPkg.ReadDataFromeExcel" name="loginTest" time="1.74"/>
  <testcase classname="testngPkg.ReadDataFromeExcel" name="loginTest" time="2.127"/>
</testsuite> <!-- Default test -->
