<?xml version="1.0" encoding="UTF-8"?>
<testng-results ignored="0" total="4" passed="4" failed="0" skipped="0">
  <reporter-output>
  </reporter-output>
  <suite started-at="2023-02-17T18:51:02 IST" name="Default suite" finished-at="2023-02-17T18:51:27 IST" duration-ms="25161">
    <groups>
    </groups>
    <test started-at="2023-02-17T18:51:02 IST" name="Default test" finished-at="2023-02-17T18:51:27 IST" duration-ms="25161">
      <class name="testngPkg.ReadDataFromeExcel">
        <test-method is-config="true" signature="setup()[pri:0, instance:testngPkg.ReadDataFromeExcel@635eaaf1]" started-at="2023-02-17T18:51:02 IST" name="setup" finished-at="2023-02-17T18:51:04 IST" duration-ms="2428" status="PASS">
          <reporter-output>
          </reporter-output>
        </test-method> <!-- setup -->
        <test-method signature="loginTest(java.lang.String,java.lang.String,java.lang.String)[pri:0, instance:testngPkg.ReadDataFromeExcel@635eaaf1]" started-at="2023-02-17T18:51:06 IST" name="loginTest" data-provider="LoginData" finished-at="2023-02-17T18:51:21 IST" duration-ms="14837" status="PASS">
          <params>
            <param index="0">
              <value>
                <![CDATA[admin@yourstore.com]]>
              </value>
            </param>
            <param index="1">
              <value>
                <![CDATA[        admin]]>
              </value>
            </param>
            <param index="2">
              <value>
                <![CDATA[          Valid]]>
              </value>
            </param>
          </params>
          <reporter-output>
          </reporter-output>
        </test-method> <!-- loginTest -->
        <test-method signature="loginTest(java.lang.String,java.lang.String,java.lang.String)[pri:0, instance:testngPkg.ReadDataFromeExcel@635eaaf1]" started-at="2023-02-17T18:51:21 IST" name="loginTest" data-provider="LoginData" finished-at="2023-02-17T18:51:23 IST" duration-ms="2228" status="PASS">
          <params>
            <param index="0">
              <value>
                <![CDATA[admin@yourstore.com]]>
              </value>
            </param>
            <param index="1">
              <value>
                <![CDATA[        adm]]>
              </value>
            </param>
            <param index="2">
              <value>
                <![CDATA[         Invalid]]>
              </value>
            </param>
          </params>
          <reporter-output>
          </reporter-output>
        </test-method> <!-- loginTest -->
        <test-method signature="loginTest(java.lang.String,java.lang.String,java.lang.String)[pri:0, instance:testngPkg.ReadDataFromeExcel@635eaaf1]" started-at="2023-02-17T18:51:23 IST" name="loginTest" data-provider="LoginData" finished-at="2023-02-17T18:51:25 IST" duration-ms="1740" status="PASS">
          <params>
            <param index="0">
              <value>
                <![CDATA[adm@yourstore.com]]>
              </value>
            </param>
            <param index="1">
              <value>
                <![CDATA[        admin]]>
              </value>
            </param>
            <param index="2">
              <value>
                <![CDATA[         Invalid]]>
              </value>
            </param>
          </params>
          <reporter-output>
          </reporter-output>
        </test-method> <!-- loginTest -->
        <test-method signature="loginTest(java.lang.String,java.lang.String,java.lang.String)[pri:0, instance:testngPkg.ReadDataFromeExcel@635eaaf1]" started-at="2023-02-17T18:51:25 IST" name="loginTest" data-provider="LoginData" finished-at="2023-02-17T18:51:27 IST" duration-ms="2127" status="PASS">
          <params>
            <param index="0">
              <value>
                <![CDATA[adm@yourstore.com]]>
              </value>
            </param>
            <param index="1">
              <value>
                <![CDATA[        adm]]>
              </value>
            </param>
            <param index="2">
              <value>
                <![CDATA[         Invalid]]>
              </value>
            </param>
          </params>
          <reporter-output>
          </reporter-output>
        </test-method> <!-- loginTest -->
        <test-method is-config="true" signature="tearDown()[pri:0, instance:testngPkg.ReadDataFromeExcel@635eaaf1]" started-at="2023-02-17T18:51:27 IST" name="tearDown" finished-at="2023-02-17T18:51:27 IST" duration-ms="210" status="PASS">
          <reporter-output>
          </reporter-output>
        </test-method> <!-- tearDown -->
      </class> <!-- testngPkg.ReadDataFromeExcel -->
    </test> <!-- Default test -->
  </suite> <!-- Default suite -->
</testng-results>
